2024-09-08 15:05:16 (success) upload2pypi
2024-09-08 15:05:09 (startup) upload2pypi
2024-09-08 15:05:06 (success) build
2024-09-08 15:05:03 (startup) build
2024-09-08 15:04:56 (success) upload2pypi
2024-09-08 15:04:52 (startup) upload2pypi
2024-09-08 15:02:26 (success) gitpush
2024-09-08 15:02:20 (startup) gitpush
2024-09-08 15:01:42 (success) gitpush
2024-09-08 15:01:12 (startup) gitpush
2024-09-08 02:46:04 (success) gitpush
2024-09-08 02:46:01 (startup) gitpush
2024-09-08 02:45:46 (success) gitcommit
2024-09-08 02:45:46 (startup) gitcommit
2024-09-08 02:37:53 (success) gitpush
2024-09-08 02:37:49 (startup) gitpush
2024-09-08 02:37:42 (success) gitcommit
2024-09-08 02:37:41 (startup) gitcommit
2024-09-08 02:37:09 (success) gitpush
2024-09-08 02:37:00 (startup) gitpush
2024-08-30 21:19:24 (success) gitpush
2024-08-30 21:19:20 (startup) gitpush
2024-08-30 21:19:17 (success) gitcommit
2024-08-30 21:19:17 (startup) gitcommit
2024-08-30 21:10:18 (success) gitpush
2024-08-30 21:10:15 (startup) gitpush
2024-08-30 21:10:12 (success) gitcommit
2024-08-30 21:10:11 (startup) gitcommit
2024-08-30 21:10:07 (success) upload2pypi
2024-08-30 21:09:47 (startup) upload2pypi
2024-08-30 21:09:41 (success) build
2024-08-30 21:09:37 (startup) build
2024-08-30 21:09:25 (success) gitpush
2024-08-30 21:09:17 (startup) gitpush
2024-08-30 21:09:05 (success) gitcommit
2024-08-30 21:09:04 (startup) gitcommit
2024-08-29 21:45:30 (success) gitpush
2024-08-29 21:45:25 (startup) gitpush
2024-08-29 21:45:19 (success) gitcommit
2024-08-29 21:45:18 (startup) gitcommit
2024-08-29 21:44:40 (success) upload2pypi
2024-08-29 21:44:27 (startup) upload2pypi
2024-08-29 21:43:50 (success) build
2024-08-29 21:43:44 (startup) build
2024-08-29 20:46:35 (success) gitpush
2024-08-29 20:46:32 (startup) gitpush
2024-08-29 20:46:29 (success) gitcommit
2024-08-29 20:46:29 (startup) gitcommit
2024-08-29 20:39:35 (success) gitpush
2024-08-29 20:39:32 (startup) gitpush
2024-08-29 20:39:28 (success) gitcommit
2024-08-29 20:39:28 (startup) gitcommit
2024-08-29 19:32:09 (success) gitpush
2024-08-29 19:32:05 (startup) gitpush
2024-08-29 19:32:03 (success) gitcommit
2024-08-29 19:32:03 (startup) gitcommit
2024-08-29 19:16:24 (success) gitpush
2024-08-29 19:16:21 (startup) gitpush
2024-08-29 19:16:18 (success) gitcommit
2024-08-29 19:16:18 (startup) gitcommit
2024-08-29 18:37:07 (success) gitpush
2024-08-29 18:37:03 (startup) gitpush
2024-08-29 18:36:59 (success) gitcommit
2024-08-29 18:36:59 (startup) gitcommit
2024-08-29 18:36:54 (success) gitinit
2024-08-29 18:36:51 (startup) gitinit
2024-08-29 18:36:05 (success) upload2pypi
2024-08-29 18:35:55 (startup) upload2pypi
2024-08-29 18:35:21 (success) build
2024-08-29 18:35:19 (startup) build
2024-06-07 13:43:27 (success) upload2pypi
2024-06-07 13:43:17 (startup) upload2pypi
2024-06-07 13:43:11 (success) build
2024-06-07 13:43:09 (startup) build
2024-06-07 13:39:46 (success) init
2024-06-07 13:39:46 (startup) init
